<?xml version="1.0" encoding="UTF-8"?>
<!-- Generated by org.testng.reporters.JUnitXMLReporter -->
<testsuite ignored="0" hostname="DESKTOP-DFAO42P" failures="1" tests="2" name="Test" time="9.142" errors="0" timestamp="2023-01-11T18:00:49 IST">
  <testcase classname="patientLogin.Addpatient_Veiwhistory" name="add" time="0.006"/>
  <testcase classname="patientLogin.Addpatient_Veiwhistory" name="patienthistory" time="5.85">
    <failure type="java.lang.AssertionError" message="null">
      <![CDATA[java.lang.AssertionError: null
at patientLogin.Addpatient_Veiwhistory.patienthistory(Addpatient_Veiwhistory.java:144)
at java.base/java.util.ArrayList.forEach(ArrayList.java:1511)
at java.base/java.util.concurrent.FutureTask.run(FutureTask.java:264)
at java.base/java.util.concurrent.ThreadPoolExecutor.runWorker(ThreadPoolExecutor.java:1136)
at java.base/java.util.concurrent.ThreadPoolExecutor$Worker.run(ThreadPoolExecutor.java:635)
at java.base/java.lang.Thread.run(Thread.java:833)
... Removed 20 stack frames]]>
    </failure>
  </testcase> <!-- patienthistory -->
</testsuite> <!-- Test -->
